<?xml version="1.0" encoding="UTF-8"?>
<testng-results ignored="0" total="1" passed="1" failed="0" skipped="0">
  <reporter-output>
  </reporter-output>
  <suite started-at="2024-08-31T00:31:41 IST" name="Default suite" finished-at="2024-08-31T00:32:00 IST" duration-ms="18900">
    <groups>
    </groups>
    <test started-at="2024-08-31T00:31:41 IST" name="Default test" finished-at="2024-08-31T00:32:00 IST" duration-ms="18900">
      <class name="tc_Repository.ORG_04">
        <test-method is-config="true" signature="createConnection()[pri:0, instance:tc_Repository.ORG_04@54e1c68b]" started-at="2024-08-31T00:31:41 IST" name="createConnection" finished-at="2024-08-31T00:31:41 IST" duration-ms="11" status="PASS">
          <reporter-output>
          </reporter-output>
        </test-method> <!-- createConnection -->
        <test-method is-config="true" signature="launchBrowser()[pri:0, instance:tc_Repository.ORG_04@54e1c68b]" started-at="2024-08-31T00:31:41 IST" name="launchBrowser" finished-at="2024-08-31T00:31:44 IST" duration-ms="2421" status="PASS">
          <reporter-output>
          </reporter-output>
        </test-method> <!-- launchBrowser -->
        <test-method is-config="true" signature="loginApp()[pri:0, instance:tc_Repository.ORG_04@54e1c68b]" started-at="2024-08-31T00:31:44 IST" name="loginApp" finished-at="2024-08-31T00:31:46 IST" duration-ms="2683" status="PASS">
          <reporter-output>
          </reporter-output>
        </test-method> <!-- loginApp -->
        <test-method signature="ORG_4Case()[pri:0, instance:tc_Repository.ORG_04@54e1c68b]" started-at="2024-08-31T00:31:46 IST" name="ORG_4Case" finished-at="2024-08-31T00:31:56 IST" duration-ms="9693" status="PASS">
          <reporter-output>
          </reporter-output>
        </test-method> <!-- ORG_4Case -->
        <test-method is-config="true" signature="logoutApp()[pri:0, instance:tc_Repository.ORG_04@54e1c68b]" started-at="2024-08-31T00:31:56 IST" name="logoutApp" finished-at="2024-08-31T00:32:00 IST" duration-ms="3801" status="PASS">
          <reporter-output>
          </reporter-output>
        </test-method> <!-- logoutApp -->
        <test-method is-config="true" signature="closeApp()[pri:0, instance:tc_Repository.ORG_04@54e1c68b]" started-at="2024-08-31T00:32:00 IST" name="closeApp" finished-at="2024-08-31T00:32:00 IST" duration-ms="261" status="PASS">
          <reporter-output>
          </reporter-output>
        </test-method> <!-- closeApp -->
        <test-method is-config="true" signature="closeConnection()[pri:0, instance:tc_Repository.ORG_04@54e1c68b]" started-at="2024-08-31T00:32:00 IST" name="closeConnection" finished-at="2024-08-31T00:32:00 IST" duration-ms="0" status="PASS">
          <reporter-output>
          </reporter-output>
        </test-method> <!-- closeConnection -->
      </class> <!-- tc_Repository.ORG_04 -->
    </test> <!-- Default test -->
  </suite> <!-- Default suite -->
</testng-results>
